-------------------------------------------------------------------------------
Test set: fr.iutinfo.skeleton.api.UserResourceTest
-------------------------------------------------------------------------------
Tests run: 15, Failures: 0, Errors: 15, Skipped: 0, Time elapsed: 0.686 sec <<< FAILURE! - in fr.iutinfo.skeleton.api.UserResourceTest
list_should_search_in_alias_field(fr.iutinfo.skeleton.api.UserResourceTest)  Time elapsed: 0.048 sec  <<< ERROR!
org.skife.jdbi.v2.exceptions.UnableToExecuteStatementException: java.sql.SQLException: [SQLITE_READONLY]  Attempt to write a readonly database (attempt to write a readonly database) [statement:"drop table if exists users", located:"drop table if exists users", rewritten:"drop table if exists users", arguments:{ positional:{}, named:{}, finder:[]}]
	at org.sqlite.core.DB.newSQLException(DB.java:890)
	at org.sqlite.core.DB.newSQLException(DB.java:901)
	at org.sqlite.core.DB.execute(DB.java:810)
	at org.sqlite.jdbc3.JDBC3PreparedStatement.execute(JDBC3PreparedStatement.java:50)
	at org.skife.jdbi.v2.SQLStatement.internalExecute(SQLStatement.java:1328)
	at org.skife.jdbi.v2.Update.execute(Update.java:56)
	at org.skife.jdbi.v2.sqlobject.UpdateHandler$2.value(UpdateHandler.java:60)
	at org.skife.jdbi.v2.sqlobject.UpdateHandler.invoke(UpdateHandler.java:72)
	at org.skife.jdbi.v2.sqlobject.SqlObject.invoke(SqlObject.java:175)
	at org.skife.jdbi.v2.sqlobject.SqlObject$1.intercept(SqlObject.java:75)
	at org.skife.jdbi.v2.sqlobject.CloseInternalDoNotUseThisClass$$EnhancerByCGLIB$$ce8f8a2f.dropUserTable(<generated>)
	at fr.iutinfo.skeleton.api.Helper.initDb(Helper.java:24)
	at fr.iutinfo.skeleton.api.UserResourceTest.init(UserResourceTest.java:29)

after_delete_read_user_sould_return_204(fr.iutinfo.skeleton.api.UserResourceTest)  Time elapsed: 0.057 sec  <<< ERROR!
org.skife.jdbi.v2.exceptions.UnableToExecuteStatementException: java.sql.SQLException: [SQLITE_READONLY]  Attempt to write a readonly database (attempt to write a readonly database) [statement:"drop table if exists users", located:"drop table if exists users", rewritten:"drop table if exists users", arguments:{ positional:{}, named:{}, finder:[]}]
	at org.sqlite.core.DB.newSQLException(DB.java:890)
	at org.sqlite.core.DB.newSQLException(DB.java:901)
	at org.sqlite.core.DB.execute(DB.java:810)
	at org.sqlite.jdbc3.JDBC3PreparedStatement.execute(JDBC3PreparedStatement.java:50)
	at org.skife.jdbi.v2.SQLStatement.internalExecute(SQLStatement.java:1328)
	at org.skife.jdbi.v2.Update.execute(Update.java:56)
	at org.skife.jdbi.v2.sqlobject.UpdateHandler$2.value(UpdateHandler.java:60)
	at org.skife.jdbi.v2.sqlobject.UpdateHandler.invoke(UpdateHandler.java:72)
	at org.skife.jdbi.v2.sqlobject.SqlObject.invoke(SqlObject.java:175)
	at org.skife.jdbi.v2.sqlobject.SqlObject$1.intercept(SqlObject.java:75)
	at org.skife.jdbi.v2.sqlobject.CloseInternalDoNotUseThisClass$$EnhancerByCGLIB$$ce8f8a2f.dropUserTable(<generated>)
	at fr.iutinfo.skeleton.api.Helper.initDb(Helper.java:24)
	at fr.iutinfo.skeleton.api.UserResourceTest.init(UserResourceTest.java:29)

delete_unexisting_should_return_404(fr.iutinfo.skeleton.api.UserResourceTest)  Time elapsed: 0.058 sec  <<< ERROR!
org.skife.jdbi.v2.exceptions.UnableToExecuteStatementException: java.sql.SQLException: [SQLITE_READONLY]  Attempt to write a readonly database (attempt to write a readonly database) [statement:"drop table if exists users", located:"drop table if exists users", rewritten:"drop table if exists users", arguments:{ positional:{}, named:{}, finder:[]}]
	at org.sqlite.core.DB.newSQLException(DB.java:890)
	at org.sqlite.core.DB.newSQLException(DB.java:901)
	at org.sqlite.core.DB.execute(DB.java:810)
	at org.sqlite.jdbc3.JDBC3PreparedStatement.execute(JDBC3PreparedStatement.java:50)
	at org.skife.jdbi.v2.SQLStatement.internalExecute(SQLStatement.java:1328)
	at org.skife.jdbi.v2.Update.execute(Update.java:56)
	at org.skife.jdbi.v2.sqlobject.UpdateHandler$2.value(UpdateHandler.java:60)
	at org.skife.jdbi.v2.sqlobject.UpdateHandler.invoke(UpdateHandler.java:72)
	at org.skife.jdbi.v2.sqlobject.SqlObject.invoke(SqlObject.java:175)
	at org.skife.jdbi.v2.sqlobject.SqlObject$1.intercept(SqlObject.java:75)
	at org.skife.jdbi.v2.sqlobject.CloseInternalDoNotUseThisClass$$EnhancerByCGLIB$$ce8f8a2f.dropUserTable(<generated>)
	at fr.iutinfo.skeleton.api.Helper.initDb(Helper.java:24)
	at fr.iutinfo.skeleton.api.UserResourceTest.init(UserResourceTest.java:29)

read_user_should_read_user_with_same_salt(fr.iutinfo.skeleton.api.UserResourceTest)  Time elapsed: 0.049 sec  <<< ERROR!
org.skife.jdbi.v2.exceptions.UnableToExecuteStatementException: java.sql.SQLException: [SQLITE_READONLY]  Attempt to write a readonly database (attempt to write a readonly database) [statement:"drop table if exists users", located:"drop table if exists users", rewritten:"drop table if exists users", arguments:{ positional:{}, named:{}, finder:[]}]
	at org.sqlite.core.DB.newSQLException(DB.java:890)
	at org.sqlite.core.DB.newSQLException(DB.java:901)
	at org.sqlite.core.DB.execute(DB.java:810)
	at org.sqlite.jdbc3.JDBC3PreparedStatement.execute(JDBC3PreparedStatement.java:50)
	at org.skife.jdbi.v2.SQLStatement.internalExecute(SQLStatement.java:1328)
	at org.skife.jdbi.v2.Update.execute(Update.java:56)
	at org.skife.jdbi.v2.sqlobject.UpdateHandler$2.value(UpdateHandler.java:60)
	at org.skife.jdbi.v2.sqlobject.UpdateHandler.invoke(UpdateHandler.java:72)
	at org.skife.jdbi.v2.sqlobject.SqlObject.invoke(SqlObject.java:175)
	at org.skife.jdbi.v2.sqlobject.SqlObject$1.intercept(SqlObject.java:75)
	at org.skife.jdbi.v2.sqlobject.CloseInternalDoNotUseThisClass$$EnhancerByCGLIB$$ce8f8a2f.dropUserTable(<generated>)
	at fr.iutinfo.skeleton.api.Helper.initDb(Helper.java:24)
	at fr.iutinfo.skeleton.api.UserResourceTest.init(UserResourceTest.java:29)

should_delete_user(fr.iutinfo.skeleton.api.UserResourceTest)  Time elapsed: 0.045 sec  <<< ERROR!
org.skife.jdbi.v2.exceptions.UnableToExecuteStatementException: java.sql.SQLException: [SQLITE_READONLY]  Attempt to write a readonly database (attempt to write a readonly database) [statement:"drop table if exists users", located:"drop table if exists users", rewritten:"drop table if exists users", arguments:{ positional:{}, named:{}, finder:[]}]
	at org.sqlite.core.DB.newSQLException(DB.java:890)
	at org.sqlite.core.DB.newSQLException(DB.java:901)
	at org.sqlite.core.DB.execute(DB.java:810)
	at org.sqlite.jdbc3.JDBC3PreparedStatement.execute(JDBC3PreparedStatement.java:50)
	at org.skife.jdbi.v2.SQLStatement.internalExecute(SQLStatement.java:1328)
	at org.skife.jdbi.v2.Update.execute(Update.java:56)
	at org.skife.jdbi.v2.sqlobject.UpdateHandler$2.value(UpdateHandler.java:60)
	at org.skife.jdbi.v2.sqlobject.UpdateHandler.invoke(UpdateHandler.java:72)
	at org.skife.jdbi.v2.sqlobject.SqlObject.invoke(SqlObject.java:175)
	at org.skife.jdbi.v2.sqlobject.SqlObject$1.intercept(SqlObject.java:75)
	at org.skife.jdbi.v2.sqlobject.CloseInternalDoNotUseThisClass$$EnhancerByCGLIB$$ce8f8a2f.dropUserTable(<generated>)
	at fr.iutinfo.skeleton.api.Helper.initDb(Helper.java:24)
	at fr.iutinfo.skeleton.api.UserResourceTest.init(UserResourceTest.java:29)

list_should_search_in_email_field(fr.iutinfo.skeleton.api.UserResourceTest)  Time elapsed: 0.043 sec  <<< ERROR!
org.skife.jdbi.v2.exceptions.UnableToExecuteStatementException: java.sql.SQLException: [SQLITE_READONLY]  Attempt to write a readonly database (attempt to write a readonly database) [statement:"drop table if exists users", located:"drop table if exists users", rewritten:"drop table if exists users", arguments:{ positional:{}, named:{}, finder:[]}]
	at org.sqlite.core.DB.newSQLException(DB.java:890)
	at org.sqlite.core.DB.newSQLException(DB.java:901)
	at org.sqlite.core.DB.execute(DB.java:810)
	at org.sqlite.jdbc3.JDBC3PreparedStatement.execute(JDBC3PreparedStatement.java:50)
	at org.skife.jdbi.v2.SQLStatement.internalExecute(SQLStatement.java:1328)
	at org.skife.jdbi.v2.Update.execute(Update.java:56)
	at org.skife.jdbi.v2.sqlobject.UpdateHandler$2.value(UpdateHandler.java:60)
	at org.skife.jdbi.v2.sqlobject.UpdateHandler.invoke(UpdateHandler.java:72)
	at org.skife.jdbi.v2.sqlobject.SqlObject.invoke(SqlObject.java:175)
	at org.skife.jdbi.v2.sqlobject.SqlObject$1.intercept(SqlObject.java:75)
	at org.skife.jdbi.v2.sqlobject.CloseInternalDoNotUseThisClass$$EnhancerByCGLIB$$ce8f8a2f.dropUserTable(<generated>)
	at fr.iutinfo.skeleton.api.Helper.initDb(Helper.java:24)
	at fr.iutinfo.skeleton.api.UserResourceTest.init(UserResourceTest.java:29)

testModifyInexistantUser(fr.iutinfo.skeleton.api.UserResourceTest)  Time elapsed: 0.038 sec  <<< ERROR!
org.skife.jdbi.v2.exceptions.UnableToExecuteStatementException: java.sql.SQLException: [SQLITE_READONLY]  Attempt to write a readonly database (attempt to write a readonly database) [statement:"drop table if exists users", located:"drop table if exists users", rewritten:"drop table if exists users", arguments:{ positional:{}, named:{}, finder:[]}]
	at org.sqlite.core.DB.newSQLException(DB.java:890)
	at org.sqlite.core.DB.newSQLException(DB.java:901)
	at org.sqlite.core.DB.execute(DB.java:810)
	at org.sqlite.jdbc3.JDBC3PreparedStatement.execute(JDBC3PreparedStatement.java:50)
	at org.skife.jdbi.v2.SQLStatement.internalExecute(SQLStatement.java:1328)
	at org.skife.jdbi.v2.Update.execute(Update.java:56)
	at org.skife.jdbi.v2.sqlobject.UpdateHandler$2.value(UpdateHandler.java:60)
	at org.skife.jdbi.v2.sqlobject.UpdateHandler.invoke(UpdateHandler.java:72)
	at org.skife.jdbi.v2.sqlobject.SqlObject.invoke(SqlObject.java:175)
	at org.skife.jdbi.v2.sqlobject.SqlObject$1.intercept(SqlObject.java:75)
	at org.skife.jdbi.v2.sqlobject.CloseInternalDoNotUseThisClass$$EnhancerByCGLIB$$ce8f8a2f.dropUserTable(<generated>)
	at fr.iutinfo.skeleton.api.Helper.initDb(Helper.java:24)
	at fr.iutinfo.skeleton.api.UserResourceTest.init(UserResourceTest.java:29)

read_user_should_return_hashed_password(fr.iutinfo.skeleton.api.UserResourceTest)  Time elapsed: 0.037 sec  <<< ERROR!
org.skife.jdbi.v2.exceptions.UnableToExecuteStatementException: java.sql.SQLException: [SQLITE_READONLY]  Attempt to write a readonly database (attempt to write a readonly database) [statement:"drop table if exists users", located:"drop table if exists users", rewritten:"drop table if exists users", arguments:{ positional:{}, named:{}, finder:[]}]
	at org.sqlite.core.DB.newSQLException(DB.java:890)
	at org.sqlite.core.DB.newSQLException(DB.java:901)
	at org.sqlite.core.DB.execute(DB.java:810)
	at org.sqlite.jdbc3.JDBC3PreparedStatement.execute(JDBC3PreparedStatement.java:50)
	at org.skife.jdbi.v2.SQLStatement.internalExecute(SQLStatement.java:1328)
	at org.skife.jdbi.v2.Update.execute(Update.java:56)
	at org.skife.jdbi.v2.sqlobject.UpdateHandler$2.value(UpdateHandler.java:60)
	at org.skife.jdbi.v2.sqlobject.UpdateHandler.invoke(UpdateHandler.java:72)
	at org.skife.jdbi.v2.sqlobject.SqlObject.invoke(SqlObject.java:175)
	at org.skife.jdbi.v2.sqlobject.SqlObject$1.intercept(SqlObject.java:75)
	at org.skife.jdbi.v2.sqlobject.CloseInternalDoNotUseThisClass$$EnhancerByCGLIB$$ce8f8a2f.dropUserTable(<generated>)
	at fr.iutinfo.skeleton.api.Helper.initDb(Helper.java:24)
	at fr.iutinfo.skeleton.api.UserResourceTest.init(UserResourceTest.java:29)

list_all_must_be_ordered(fr.iutinfo.skeleton.api.UserResourceTest)  Time elapsed: 0.037 sec  <<< ERROR!
org.skife.jdbi.v2.exceptions.UnableToExecuteStatementException: java.sql.SQLException: [SQLITE_READONLY]  Attempt to write a readonly database (attempt to write a readonly database) [statement:"drop table if exists users", located:"drop table if exists users", rewritten:"drop table if exists users", arguments:{ positional:{}, named:{}, finder:[]}]
	at org.sqlite.core.DB.newSQLException(DB.java:890)
	at org.sqlite.core.DB.newSQLException(DB.java:901)
	at org.sqlite.core.DB.execute(DB.java:810)
	at org.sqlite.jdbc3.JDBC3PreparedStatement.execute(JDBC3PreparedStatement.java:50)
	at org.skife.jdbi.v2.SQLStatement.internalExecute(SQLStatement.java:1328)
	at org.skife.jdbi.v2.Update.execute(Update.java:56)
	at org.skife.jdbi.v2.sqlobject.UpdateHandler$2.value(UpdateHandler.java:60)
	at org.skife.jdbi.v2.sqlobject.UpdateHandler.invoke(UpdateHandler.java:72)
	at org.skife.jdbi.v2.sqlobject.SqlObject.invoke(SqlObject.java:175)
	at org.skife.jdbi.v2.sqlobject.SqlObject$1.intercept(SqlObject.java:75)
	at org.skife.jdbi.v2.sqlobject.CloseInternalDoNotUseThisClass$$EnhancerByCGLIB$$ce8f8a2f.dropUserTable(<generated>)
	at fr.iutinfo.skeleton.api.Helper.initDb(Helper.java:24)
	at fr.iutinfo.skeleton.api.UserResourceTest.init(UserResourceTest.java:29)

create_should_return_the_user_with_valid_id(fr.iutinfo.skeleton.api.UserResourceTest)  Time elapsed: 0.044 sec  <<< ERROR!
org.skife.jdbi.v2.exceptions.UnableToExecuteStatementException: java.sql.SQLException: [SQLITE_READONLY]  Attempt to write a readonly database (attempt to write a readonly database) [statement:"drop table if exists users", located:"drop table if exists users", rewritten:"drop table if exists users", arguments:{ positional:{}, named:{}, finder:[]}]
	at org.sqlite.core.DB.newSQLException(DB.java:890)
	at org.sqlite.core.DB.newSQLException(DB.java:901)
	at org.sqlite.core.DB.execute(DB.java:810)
	at org.sqlite.jdbc3.JDBC3PreparedStatement.execute(JDBC3PreparedStatement.java:50)
	at org.skife.jdbi.v2.SQLStatement.internalExecute(SQLStatement.java:1328)
	at org.skife.jdbi.v2.Update.execute(Update.java:56)
	at org.skife.jdbi.v2.sqlobject.UpdateHandler$2.value(UpdateHandler.java:60)
	at org.skife.jdbi.v2.sqlobject.UpdateHandler.invoke(UpdateHandler.java:72)
	at org.skife.jdbi.v2.sqlobject.SqlObject.invoke(SqlObject.java:175)
	at org.skife.jdbi.v2.sqlobject.SqlObject$1.intercept(SqlObject.java:75)
	at org.skife.jdbi.v2.sqlobject.CloseInternalDoNotUseThisClass$$EnhancerByCGLIB$$ce8f8a2f.dropUserTable(<generated>)
	at fr.iutinfo.skeleton.api.Helper.initDb(Helper.java:24)
	at fr.iutinfo.skeleton.api.UserResourceTest.init(UserResourceTest.java:29)

read_should_return_a_user_as_object(fr.iutinfo.skeleton.api.UserResourceTest)  Time elapsed: 0.037 sec  <<< ERROR!
org.skife.jdbi.v2.exceptions.UnableToExecuteStatementException: java.sql.SQLException: [SQLITE_READONLY]  Attempt to write a readonly database (attempt to write a readonly database) [statement:"drop table if exists users", located:"drop table if exists users", rewritten:"drop table if exists users", arguments:{ positional:{}, named:{}, finder:[]}]
	at org.sqlite.core.DB.newSQLException(DB.java:890)
	at org.sqlite.core.DB.newSQLException(DB.java:901)
	at org.sqlite.core.DB.execute(DB.java:810)
	at org.sqlite.jdbc3.JDBC3PreparedStatement.execute(JDBC3PreparedStatement.java:50)
	at org.skife.jdbi.v2.SQLStatement.internalExecute(SQLStatement.java:1328)
	at org.skife.jdbi.v2.Update.execute(Update.java:56)
	at org.skife.jdbi.v2.sqlobject.UpdateHandler$2.value(UpdateHandler.java:60)
	at org.skife.jdbi.v2.sqlobject.UpdateHandler.invoke(UpdateHandler.java:72)
	at org.skife.jdbi.v2.sqlobject.SqlObject.invoke(SqlObject.java:175)
	at org.skife.jdbi.v2.sqlobject.SqlObject$1.intercept(SqlObject.java:75)
	at org.skife.jdbi.v2.sqlobject.CloseInternalDoNotUseThisClass$$EnhancerByCGLIB$$ce8f8a2f.dropUserTable(<generated>)
	at fr.iutinfo.skeleton.api.Helper.initDb(Helper.java:24)
	at fr.iutinfo.skeleton.api.UserResourceTest.init(UserResourceTest.java:29)

list_should_search_in_name_field(fr.iutinfo.skeleton.api.UserResourceTest)  Time elapsed: 0.043 sec  <<< ERROR!
org.skife.jdbi.v2.exceptions.UnableToExecuteStatementException: java.sql.SQLException: [SQLITE_READONLY]  Attempt to write a readonly database (attempt to write a readonly database) [statement:"drop table if exists users", located:"drop table if exists users", rewritten:"drop table if exists users", arguments:{ positional:{}, named:{}, finder:[]}]
	at org.sqlite.core.DB.newSQLException(DB.java:890)
	at org.sqlite.core.DB.newSQLException(DB.java:901)
	at org.sqlite.core.DB.execute(DB.java:810)
	at org.sqlite.jdbc3.JDBC3PreparedStatement.execute(JDBC3PreparedStatement.java:50)
	at org.skife.jdbi.v2.SQLStatement.internalExecute(SQLStatement.java:1328)
	at org.skife.jdbi.v2.Update.execute(Update.java:56)
	at org.skife.jdbi.v2.sqlobject.UpdateHandler$2.value(UpdateHandler.java:60)
	at org.skife.jdbi.v2.sqlobject.UpdateHandler.invoke(UpdateHandler.java:72)
	at org.skife.jdbi.v2.sqlobject.SqlObject.invoke(SqlObject.java:175)
	at org.skife.jdbi.v2.sqlobject.SqlObject$1.intercept(SqlObject.java:75)
	at org.skife.jdbi.v2.sqlobject.CloseInternalDoNotUseThisClass$$EnhancerByCGLIB$$ce8f8a2f.dropUserTable(<generated>)
	at fr.iutinfo.skeleton.api.Helper.initDb(Helper.java:24)
	at fr.iutinfo.skeleton.api.UserResourceTest.init(UserResourceTest.java:29)

list_should_return_all_users(fr.iutinfo.skeleton.api.UserResourceTest)  Time elapsed: 0.039 sec  <<< ERROR!
org.skife.jdbi.v2.exceptions.UnableToExecuteStatementException: java.sql.SQLException: [SQLITE_READONLY]  Attempt to write a readonly database (attempt to write a readonly database) [statement:"drop table if exists users", located:"drop table if exists users", rewritten:"drop table if exists users", arguments:{ positional:{}, named:{}, finder:[]}]
	at org.sqlite.core.DB.newSQLException(DB.java:890)
	at org.sqlite.core.DB.newSQLException(DB.java:901)
	at org.sqlite.core.DB.execute(DB.java:810)
	at org.sqlite.jdbc3.JDBC3PreparedStatement.execute(JDBC3PreparedStatement.java:50)
	at org.skife.jdbi.v2.SQLStatement.internalExecute(SQLStatement.java:1328)
	at org.skife.jdbi.v2.Update.execute(Update.java:56)
	at org.skife.jdbi.v2.sqlobject.UpdateHandler$2.value(UpdateHandler.java:60)
	at org.skife.jdbi.v2.sqlobject.UpdateHandler.invoke(UpdateHandler.java:72)
	at org.skife.jdbi.v2.sqlobject.SqlObject.invoke(SqlObject.java:175)
	at org.skife.jdbi.v2.sqlobject.SqlObject$1.intercept(SqlObject.java:75)
	at org.skife.jdbi.v2.sqlobject.CloseInternalDoNotUseThisClass$$EnhancerByCGLIB$$ce8f8a2f.dropUserTable(<generated>)
	at fr.iutinfo.skeleton.api.Helper.initDb(Helper.java:24)
	at fr.iutinfo.skeleton.api.UserResourceTest.init(UserResourceTest.java:29)

read_user_should_return_good_alias(fr.iutinfo.skeleton.api.UserResourceTest)  Time elapsed: 0.049 sec  <<< ERROR!
org.skife.jdbi.v2.exceptions.UnableToExecuteStatementException: java.sql.SQLException: [SQLITE_READONLY]  Attempt to write a readonly database (attempt to write a readonly database) [statement:"drop table if exists users", located:"drop table if exists users", rewritten:"drop table if exists users", arguments:{ positional:{}, named:{}, finder:[]}]
	at org.sqlite.core.DB.newSQLException(DB.java:890)
	at org.sqlite.core.DB.newSQLException(DB.java:901)
	at org.sqlite.core.DB.execute(DB.java:810)
	at org.sqlite.jdbc3.JDBC3PreparedStatement.execute(JDBC3PreparedStatement.java:50)
	at org.skife.jdbi.v2.SQLStatement.internalExecute(SQLStatement.java:1328)
	at org.skife.jdbi.v2.Update.execute(Update.java:56)
	at org.skife.jdbi.v2.sqlobject.UpdateHandler$2.value(UpdateHandler.java:60)
	at org.skife.jdbi.v2.sqlobject.UpdateHandler.invoke(UpdateHandler.java:72)
	at org.skife.jdbi.v2.sqlobject.SqlObject.invoke(SqlObject.java:175)
	at org.skife.jdbi.v2.sqlobject.SqlObject$1.intercept(SqlObject.java:75)
	at org.skife.jdbi.v2.sqlobject.CloseInternalDoNotUseThisClass$$EnhancerByCGLIB$$ce8f8a2f.dropUserTable(<generated>)
	at fr.iutinfo.skeleton.api.Helper.initDb(Helper.java:24)
	at fr.iutinfo.skeleton.api.UserResourceTest.init(UserResourceTest.java:29)

read_user_should_return_good_email(fr.iutinfo.skeleton.api.UserResourceTest)  Time elapsed: 0.042 sec  <<< ERROR!
org.skife.jdbi.v2.exceptions.UnableToExecuteStatementException: java.sql.SQLException: [SQLITE_READONLY]  Attempt to write a readonly database (attempt to write a readonly database) [statement:"drop table if exists users", located:"drop table if exists users", rewritten:"drop table if exists users", arguments:{ positional:{}, named:{}, finder:[]}]
	at org.sqlite.core.DB.newSQLException(DB.java:890)
	at org.sqlite.core.DB.newSQLException(DB.java:901)
	at org.sqlite.core.DB.execute(DB.java:810)
	at org.sqlite.jdbc3.JDBC3PreparedStatement.execute(JDBC3PreparedStatement.java:50)
	at org.skife.jdbi.v2.SQLStatement.internalExecute(SQLStatement.java:1328)
	at org.skife.jdbi.v2.Update.execute(Update.java:56)
	at org.skife.jdbi.v2.sqlobject.UpdateHandler$2.value(UpdateHandler.java:60)
	at org.skife.jdbi.v2.sqlobject.UpdateHandler.invoke(UpdateHandler.java:72)
	at org.skife.jdbi.v2.sqlobject.SqlObject.invoke(SqlObject.java:175)
	at org.skife.jdbi.v2.sqlobject.SqlObject$1.intercept(SqlObject.java:75)
	at org.skife.jdbi.v2.sqlobject.CloseInternalDoNotUseThisClass$$EnhancerByCGLIB$$ce8f8a2f.dropUserTable(<generated>)
	at fr.iutinfo.skeleton.api.Helper.initDb(Helper.java:24)
	at fr.iutinfo.skeleton.api.UserResourceTest.init(UserResourceTest.java:29)

