<?xml version="1.0" encoding="UTF-8"?>
<testsuite name="fr.iutinfo.skeleton.api.UserResourceTest" time="2.136" tests="14" errors="0" skipped="0" failures="0">
  <properties>
[...]
</properties>
  <testcase name="list_should_search_in_alias_field" classname="fr.iutinfo.skeleton.api.UserResourceTest" time="0.505"/>
  <testcase name="after_delete_read_user_sould_return_204" classname="fr.iutinfo.skeleton.api.UserResourceTest" time="0.145"/>
  <testcase name="delete_unexisting_should_return_404" classname="fr.iutinfo.skeleton.api.UserResourceTest" time="0.101"/>
  <testcase name="read_user_should_read_user_with_same_salt" classname="fr.iutinfo.skeleton.api.UserResourceTest" time="0.11"/>
  <testcase name="should_delete_user" classname="fr.iutinfo.skeleton.api.UserResourceTest" time="0.128"/>
  <testcase name="list_should_search_in_email_field" classname="fr.iutinfo.skeleton.api.UserResourceTest" time="0.17"/>
  <testcase name="read_user_should_return_hashed_password" classname="fr.iutinfo.skeleton.api.UserResourceTest" time="0.103"/>
  <testcase name="list_all_must_be_ordered" classname="fr.iutinfo.skeleton.api.UserResourceTest" time="0.151"/>
  <testcase name="create_should_return_the_user_with_valid_id" classname="fr.iutinfo.skeleton.api.UserResourceTest" time="0.114"/>
  <testcase name="read_should_return_a_user_as_object" classname="fr.iutinfo.skeleton.api.UserResourceTest" time="0.108"/>
  <testcase name="list_should_search_in_name_field" classname="fr.iutinfo.skeleton.api.UserResourceTest" time="0.15"/>
  <testcase name="list_should_return_all_users" classname="fr.iutinfo.skeleton.api.UserResourceTest" time="0.142"/>
  <testcase name="read_user_should_return_good_alias" classname="fr.iutinfo.skeleton.api.UserResourceTest" time="0.103"/>
  <testcase name="read_user_should_return_good_email" classname="fr.iutinfo.skeleton.api.UserResourceTest" time="0.106"/>
</testsuite>